#
# A fatal error has been detected by the Java Runtime Environment:
#
#  Internal Error (javaClasses.cpp:127), pid=14772, tid=2220
#  fatal error: Invalid layout of preloaded class
#
# JRE version:  (8.0_51-b16) (build )
# Java VM: Java HotSpot(TM) 64-Bit Server VM (25.51-b03 mixed mode windows-amd64 compressed oops)
# Failed to write core dump. Minidumps are not enabled by default on client versions of Windows
#
# If you would like to submit a bug report, please visit:
#   http://bugreport.java.com/bugreport/crash.jsp
#

---------------  T H R E A D  ---------------

Current thread (0x0000000002320800):  JavaThread "Unknown thread" [_thread_in_vm, id=2220, stack(0x0000000002220000,0x0000000002320000)]

Stack: [0x0000000002220000,0x0000000002320000]
Native frames: (J=compiled Java code, j=interpreted, Vv=VM code, C=native code)
V  [jvm.dll+0x32b4ca]
V  [jvm.dll+0x2797e3]
V  [jvm.dll+0x27a479]
V  [jvm.dll+0x2716e6]
V  [jvm.dll+0x67fc3]
V  [jvm.dll+0x680b3]
V  [jvm.dll+0x7d6da]
V  [jvm.dll+0x7da46]
V  [jvm.dll+0xf2087]
V  [jvm.dll+0xf2416]
V  [jvm.dll+0x20f077]
V  [jvm.dll+0x240d2a]
V  [jvm.dll+0x15b9a1]
C  [javaw.exe+0x217e]
C  [javaw.exe+0xcd37]
C  [javaw.exe+0xcdcb]
C  [KERNEL32.DLL+0x13d2]
C  [ntdll.dll+0x15454]


---------------  P R O C E S S  ---------------

Java Threads: ( => current thread )

Other Threads:

=>0x0000000002320800 (exited) JavaThread "Unknown thread" [_thread_in_vm, id=2220, stack(0x0000000002220000,0x0000000002320000)]

VM state:not at safepoint (not fully initialized)

VM Mutex/Monitor currently owned by a thread: None

GC Heap History (0 events):
No events

Deoptimization events (0 events):
No events

Internal exceptions (0 events):
No events

Events (10 events):
Event: 0.021 loading class java/lang/CharSequence done
Event: 0.021 loading class java/lang/String done
Event: 0.021 loading class java/lang/Class
Event: 0.021 loading class java/lang/reflect/AnnotatedElement
Event: 0.022 loading class java/lang/reflect/AnnotatedElement done
Event: 0.022 loading class java/lang/reflect/GenericDeclaration
Event: 0.022 loading class java/lang/reflect/GenericDeclaration done
Event: 0.022 loading class java/lang/reflect/Type
Event: 0.022 loading class java/lang/reflect/Type done
Event: 0.022 loading class java/lang/Class done


Dynamic libraries:
0x00007ff6c1910000 - 0x00007ff6c1947000 	C:\Program Files\Java\jre1.8.0_51\bin\javaw.exe
0x00007ffd11c30000 - 0x00007ffd11ddc000 	C:\WINDOWS\SYSTEM32\ntdll.dll
0x00007ffd0e7a0000 - 0x00007ffd0e8de000 	C:\WINDOWS\system32\KERNEL32.DLL
0x00007ffd0df40000 - 0x00007ffd0e055000 	C:\WINDOWS\system32\KERNELBASE.dll
0x00007ffd0c750000 - 0x00007ffd0c7de000 	C:\WINDOWS\system32\apphelp.dll
0x00007ffd00e50000 - 0x00007ffd00ea3000 	C:\WINDOWS\AppPatch\AppPatch64\AcGenral.DLL
0x00007ffd0e650000 - 0x00007ffd0e6fa000 	C:\WINDOWS\system32\msvcrt.dll
0x00007ffd0d900000 - 0x00007ffd0d92e000 	C:\WINDOWS\SYSTEM32\SspiCli.dll
0x00007ffd0e5f0000 - 0x00007ffd0e644000 	C:\WINDOWS\system32\SHLWAPI.dll
0x00007ffd0ec30000 - 0x00007ffd0eda7000 	C:\WINDOWS\system32\USER32.dll
0x00007ffd10830000 - 0x00007ffd109c4000 	C:\WINDOWS\system32\ole32.dll
0x00007ffd0f300000 - 0x00007ffd10819000 	C:\WINDOWS\system32\SHELL32.dll
0x00007ffd0d0d0000 - 0x00007ffd0d0f1000 	C:\WINDOWS\SYSTEM32\USERENV.dll
0x00007ffd0e240000 - 0x00007ffd0e2ea000 	C:\WINDOWS\system32\ADVAPI32.dll
0x00007ffd04fb0000 - 0x00007ffd04fce000 	C:\WINDOWS\SYSTEM32\MPR.dll
0x00007ffd0f050000 - 0x00007ffd0f191000 	C:\WINDOWS\system32\RPCRT4.dll
0x00007ffd0e8e0000 - 0x00007ffd0e939000 	C:\WINDOWS\SYSTEM32\sechost.dll
0x00007ffd0e2f0000 - 0x00007ffd0e501000 	C:\WINDOWS\SYSTEM32\combase.dll
0x00007ffd0ead0000 - 0x00007ffd0ec20000 	C:\WINDOWS\system32\GDI32.dll
0x00007ffd0db30000 - 0x00007ffd0db45000 	C:\WINDOWS\SYSTEM32\profapi.dll
0x00007ffd0c0a0000 - 0x00007ffd0c152000 	C:\WINDOWS\SYSTEM32\SHCORE.dll
0x00007ffd0e760000 - 0x00007ffd0e796000 	C:\WINDOWS\system32\IMM32.DLL
0x00007ffd0f1a0000 - 0x00007ffd0f2f2000 	C:\WINDOWS\system32\MSCTF.dll
0x00007ffd0b830000 - 0x00007ffd0baaa000 	C:\WINDOWS\WinSxS\amd64_microsoft.windows.common-controls_6595b64144ccf1df_6.0.9600.17810_none_6240b9c7ecbd0bda\COMCTL32.dll
0x00007ffd02850000 - 0x00007ffd028e3000 	C:\Program Files (x86)\AVG\AVG2015\avghooka.dll
0x0000000059b50000 - 0x0000000059c22000 	C:\Program Files\Java\jre1.8.0_51\bin\msvcr100.dll
0x000000005aad0000 - 0x000000005b353000 	C:\Program Files\Java\jre1.8.0_51\bin\server\jvm.dll
0x00007ffd052f0000 - 0x00007ffd052f9000 	C:\WINDOWS\SYSTEM32\WSOCK32.dll
0x00007ffd09a70000 - 0x00007ffd09a92000 	C:\WINDOWS\SYSTEM32\WINMM.dll
0x00007ffd0a2e0000 - 0x00007ffd0a2ea000 	C:\WINDOWS\SYSTEM32\VERSION.dll
0x00007ffd10820000 - 0x00007ffd10827000 	C:\WINDOWS\system32\PSAPI.DLL
0x00007ffd0e580000 - 0x00007ffd0e5da000 	C:\WINDOWS\system32\WS2_32.dll
0x00007ffd09a40000 - 0x00007ffd09a6a000 	C:\WINDOWS\SYSTEM32\WINMMBASE.dll
0x00007ffd0ea00000 - 0x00007ffd0ea09000 	C:\WINDOWS\system32\NSI.dll
0x00007ffd0dcb0000 - 0x00007ffd0dcff000 	C:\WINDOWS\SYSTEM32\cfgmgr32.dll
0x00007ffd0c920000 - 0x00007ffd0c948000 	C:\WINDOWS\SYSTEM32\DEVOBJ.dll
0x000000005d810000 - 0x000000005d81f000 	C:\Program Files\Java\jre1.8.0_51\bin\verify.dll
0x000000005d7e0000 - 0x000000005d809000 	C:\Program Files\Java\jre1.8.0_51\bin\java.dll
0x000000005d7c0000 - 0x000000005d7d6000 	C:\Program Files\Java\jre1.8.0_51\bin\zip.dll
0x00007ffcfdc60000 - 0x00007ffcfdde9000 	C:\WINDOWS\SYSTEM32\dbghelp.dll

VM Arguments:
jvm_args: -Dfile.encoding=Cp1252 -Xbootclasspath:C:\Program Files (x86)\Android\android-sdk\platforms\android-15\android.jar 
java_command: processing.test.manual_m0016.Manual_M0016
java_class_path (initial): C:\Users\JMG\workspace\Manual_M0016\bin\classes;C:\Users\JMG\workspace\Manual_M0016\libs\processing-core.jar;C:\Program Files (x86)\Android\android-sdk\tools\support\annotations.jar
Launcher Type: SUN_STANDARD

Environment Variables:
PATH=C:/Program Files/Java/jre1.8.0_51/bin/server;C:/Program Files/Java/jre1.8.0_51/bin;C:/Program Files/Java/jre1.8.0_51/lib/amd64;C:\ProgramData\Oracle\Java\javapath;C:\Program Files (x86)\Lenovo\FusionEngine;C:\Program Files (x86)\Intel\iCLS Client\;C:\Program Files\Intel\iCLS Client\;C:\Program Files (x86)\NVIDIA Corporation\PhysX\Common;C:\WINDOWS\system32;C:\WINDOWS;C:\WINDOWS\System32\Wbem;C:\WINDOWS\System32\WindowsPowerShell\v1.0\;C:\Program Files\Intel\Intel(R) Management Engine Components\DAL;C:\Program Files\Intel\Intel(R) Management Engine Components\IPT;C:\Program Files (x86)\Intel\Intel(R) Management Engine Components\DAL;C:\Program Files (x86)\Intel\Intel(R) Management Engine Components\IPT;C:\Program Files (x86)\Common Files\lenovo\easyplussdk\bin;C:\Program Files\Java\jdk1.8.0_51\bin;C:\Users\JMG\Documents\development\android\eclipse;
USERNAME=JMG
OS=Windows_NT
PROCESSOR_IDENTIFIER=Intel64 Family 6 Model 69 Stepping 1, GenuineIntel



---------------  S Y S T E M  ---------------

OS: Windows 8.1 , 64 bit Build 9600 (6.3.9600.17415)

CPU:total 4 (2 cores per cpu, 2 threads per core) family 6 model 69 stepping 1, cmov, cx8, fxsr, mmx, sse, sse2, sse3, ssse3, sse4.1, sse4.2, popcnt, avx, avx2, aes, clmul, erms, lzcnt, ht, tsc, tscinvbit, bmi1, bmi2

Memory: 4k page, physical 16666904k(6084624k free), swap 19157272k(4662692k free)

vm_info: Java HotSpot(TM) 64-Bit Server VM (25.51-b03) for windows-amd64 JRE (1.8.0_51-b16), built on Jun  8 2015 18:03:07 by "java_re" with MS VC++ 10.0 (VS2010)

time: Sun Aug 16 03:16:00 2015
elapsed time: 0 seconds (0d 0h 0m 0s)

